<?xml version="1.0" encoding="utf-8"?><testsuites><testsuite name="pytest" errors="0" failures="1" skipped="2" tests="5" time="0.141" timestamp="2022-08-23T09:45:11.906006" hostname="MBPR-andro"><testcase classname="test.test_equal" name="test_equal" time="0.003" /><testcase classname="test.test_equal" name="test_hello" time="0.001" /><testcase classname="test.test_equal_fail" name="test_equal_fail" time="0.002"><failure message="assert 1 != 1">def test_equal_fail():
&gt;       assert 1 != 1
E       assert 1 != 1

test/test_equal_fail.py:6: AssertionError</failure></testcase><testcase classname="test.test_equal_fail" name="test_equal_skip_fail" time="0.001"><skipped type="pytest.skip" message="demo skip fail">/MBPR-andro/andro/python-playground/sample/test/test_equal_fail.py:9: demo skip fail</skipped></testcase><testcase classname="test.test_equal_fail" name="test_equal_skip_success" time="0.000"><skipped type="pytest.skip" message="demo skip success">/MBPR-andro/andro/python-playground/sample/test/test_equal_fail.py:14: demo skip success</skipped></testcase></testsuite></testsuites>