â¯ python3 pgtest.py
============================= test session starts ==============================
platform darwin -- Python 3.10.6, pytest-7.1.2, pluggy-1.0.0
rootdir: /MBPR-andro/andro/python-playground/sample
collected 4 items

test/test_pgtest.py ..s                                                  [ 75%]
test/test_pgtest_fail.py F                                               [100%]

=================================== FAILURES ===================================
__________________________________ test_fail ___________________________________

    def test_fail():
>       assert (1 != 1)
E       assert 1 != 1

test/test_pgtest_fail.py:6: AssertionError
- generated xml file: /MBPR-andro/andro/python-playground/sample/reports/junit/junit.xml -
=========================== short test summary info ============================
FAILED test/test_pgtest_fail.py::test_fail - assert 1 != 1
==================== 1 failed, 2 passed, 1 skipped in 0.23s ====================
