{"name": "test_equal_fail", "status": "failed", "statusDetails": {"message": "AssertionError: assert 1 != 1", "trace": "def test_equal_fail():\n>       assert 1 != 1\nE       assert 1 != 1\n\ntest/test_equal_fail.py:6: AssertionError"}, "start": 1661219111965, "stop": 1661219111965, "uuid": "1d5a5b4b-7af2-4e5b-99f4-f210032350d3", "historyId": "7b6a5655e5b857dba80e63171d06f214", "testCaseId": "c0beaa0a26abffbd1e750440eeeefbe1", "fullName": "test.test_equal_fail#test_equal_fail", "labels": [{"name": "parentSuite", "value": "test"}, {"name": "suite", "value": "test_equal_fail"}, {"name": "host", "value": "MBPR-andro"}, {"name": "thread", "value": "18287-MainThread"}, {"name": "framework", "value": "pytest"}, {"name": "language", "value": "cpython3"}, {"name": "package", "value": "test.test_equal_fail"}]}